# JRE version: Java(TM) SE Runtime Environment (21.0.1+12) (build 21.0.1+12-LTS-29)
# Java VM: Java HotSpot(TM) 64-Bit Server VM (21.0.1+12-LTS-29, mixed mode, emulated-client, sharing, tiered, compressed oops, compressed class ptrs, g1 gc, windows-amd64)
GC Precious Log:
 CardTable entry size: 512
 Card Set container configuration: InlinePtr #cards 4 size 8 Array Of Cards #cards 16 size 48 Howl #buckets 8 coarsen threshold 3686 Howl Bitmap #cards 512 size 80 coarsen threshold 460 Card regions per heap region 1 cards per card region 4096
 CPUs: 8 total, 8 available
 Memory: 16082M
 Large Page Support: Disabled
 NUMA Support: Disabled
 Compressed Oops: Enabled (Zero based)
 Heap Region Size: 2M
 Heap Min Capacity: 8M
 Heap Initial Capacity: 252M
 Heap Max Capacity: 4022M
 Pre-touch: Disabled
 Parallel Workers: 8
 Concurrent Workers: 2
 Concurrent Refinement Workers: 8
 Periodic GC: Disabled
Heap:
 garbage-first heap   total 81920K, used 37907K [0x0000000704a00000, 0x0000000800000000)
  region size 2048K, 10 young (20480K), 3 survivors (6144K)
 Metaspace       used 58978K, committed 59712K, reserved 1114112K
  class space    used 8366K, committed 8704K, reserved 1048576K
GC Heap History (18 events):
Event: 0.592 GC heap before
{Heap before GC invocations=0 (full 0):
 garbage-first heap   total 258048K, used 20480K [0x0000000704a00000, 0x0000000800000000)
  region size 2048K, 11 young (22528K), 0 survivors (0K)
 Metaspace       used 6453K, committed 6720K, reserved 1114112K
  class space    used 772K, committed 896K, reserved 1048576K
}
Event: 0.597 GC heap after
{Heap after GC invocations=1 (full 0):
 garbage-first heap   total 258048K, used 7887K [0x0000000704a00000, 0x0000000800000000)
  region size 2048K, 2 young (4096K), 2 survivors (4096K)
 Metaspace       used 6453K, committed 6720K, reserved 1114112K
  class space    used 772K, committed 896K, reserved 1048576K
}
Event: 1.026 GC heap before
{Heap before GC invocations=1 (full 0):
 garbage-first heap   total 258048K, used 34511K [0x0000000704a00000, 0x0000000800000000)
  region size 2048K, 15 young (30720K), 2 survivors (4096K)
 Metaspace       used 11794K, committed 12160K, reserved 1114112K
  class space    used 1623K, committed 1792K, reserved 1048576K
}
Event: 1.031 GC heap after
{Heap after GC invocations=2 (full 0):
 garbage-first heap   total 258048K, used 9437K [0x0000000704a00000, 0x0000000800000000)
  region size 2048K, 1 young (2048K), 1 survivors (2048K)
 Metaspace       used 11794K, committed 12160K, reserved 1114112K
  class space    used 1623K, committed 1792K, reserved 1048576K
}
Event: 1.365 GC heap before
{Heap before GC invocations=2 (full 0):
 garbage-first heap   total 258048K, used 50397K [0x0000000704a00000, 0x0000000800000000)
  region size 2048K, 23 young (47104K), 1 survivors (2048K)
 Metaspace       used 20887K, committed 21248K, reserved 1114112K
  class space    used 2789K, committed 2944K, reserved 1048576K
}
Event: 1.370 GC heap after
{Heap after GC invocations=3 (full 0):
 garbage-first heap   total 258048K, used 13533K [0x0000000704a00000, 0x0000000800000000)
  region size 2048K, 3 young (6144K), 3 survivors (6144K)
 Metaspace       used 20887K, committed 21248K, reserved 1114112K
  class space    used 2789K, committed 2944K, reserved 1048576K
}
Event: 1.718 GC heap before
{Heap before GC invocations=4 (full 0):
 garbage-first heap   total 55296K, used 40157K [0x0000000704a00000, 0x0000000800000000)
  region size 2048K, 16 young (32768K), 3 survivors (6144K)
 Metaspace       used 22993K, committed 23424K, reserved 1114112K
  class space    used 3116K, committed 3264K, reserved 1048576K
}
Event: 1.723 GC heap after
{Heap after GC invocations=5 (full 0):
 garbage-first heap   total 55296K, used 15051K [0x0000000704a00000, 0x0000000800000000)
  region size 2048K, 2 young (4096K), 2 survivors (4096K)
 Metaspace       used 22993K, committed 23424K, reserved 1114112K
  class space    used 3116K, committed 3264K, reserved 1048576K
}
Event: 2.045 GC heap before
{Heap before GC invocations=5 (full 0):
 garbage-first heap   total 55296K, used 35531K [0x0000000704a00000, 0x0000000800000000)
  region size 2048K, 13 young (26624K), 2 survivors (4096K)
 Metaspace       used 26027K, committed 26560K, reserved 1114112K
  class space    used 3584K, committed 3840K, reserved 1048576K
}
Event: 2.050 GC heap after
{Heap after GC invocations=6 (full 0):
 garbage-first heap   total 55296K, used 17254K [0x0000000704a00000, 0x0000000800000000)
  region size 2048K, 2 young (4096K), 2 survivors (4096K)
 Metaspace       used 26027K, committed 26560K, reserved 1114112K
  class space    used 3584K, committed 3840K, reserved 1048576K
}
Event: 2.358 GC heap before
{Heap before GC invocations=6 (full 0):
 garbage-first heap   total 55296K, used 39782K [0x0000000704a00000, 0x0000000800000000)
  region size 2048K, 14 young (28672K), 2 survivors (4096K)
 Metaspace       used 29971K, committed 30528K, reserved 1114112K
  class space    used 4130K, committed 4352K, reserved 1048576K
}
Event: 2.362 GC heap after
{Heap after GC invocations=7 (full 0):
 garbage-first heap   total 55296K, used 19168K [0x0000000704a00000, 0x0000000800000000)
  region size 2048K, 2 young (4096K), 2 survivors (4096K)
 Metaspace       used 29971K, committed 30528K, reserved 1114112K
  class space    used 4130K, committed 4352K, reserved 1048576K
}
Event: 2.644 GC heap before
{Heap before GC invocations=7 (full 0):
 garbage-first heap   total 55296K, used 39648K [0x0000000704a00000, 0x0000000800000000)
  region size 2048K, 13 young (26624K), 2 survivors (4096K)
 Metaspace       used 34971K, committed 35520K, reserved 1114112K
  class space    used 4866K, committed 5120K, reserved 1048576K
}
Event: 2.649 GC heap after
{Heap after GC invocations=8 (full 0):
 garbage-first heap   total 157696K, used 21119K [0x0000000704a00000, 0x0000000800000000)
  region size 2048K, 1 young (2048K), 1 survivors (2048K)
 Metaspace       used 34971K, committed 35520K, reserved 1114112K
  class space    used 4866K, committed 5120K, reserved 1048576K
}
Event: 3.356 GC heap before
{Heap before GC invocations=9 (full 0):
 garbage-first heap   total 81920K, used 68223K [0x0000000704a00000, 0x0000000800000000)
  region size 2048K, 24 young (49152K), 1 survivors (2048K)
 Metaspace       used 46528K, committed 47168K, reserved 1114112K
  class space    used 6485K, committed 6720K, reserved 1048576K
}
Event: 3.360 GC heap after
{Heap after GC invocations=10 (full 0):
 garbage-first heap   total 81920K, used 23380K [0x0000000704a00000, 0x0000000800000000)
  region size 2048K, 2 young (4096K), 2 survivors (4096K)
 Metaspace       used 46528K, committed 47168K, reserved 1114112K
  class space    used 6485K, committed 6720K, reserved 1048576K
}
Event: 3.964 GC heap before
{Heap before GC invocations=10 (full 0):
 garbage-first heap   total 81920K, used 66388K [0x0000000704a00000, 0x0000000800000000)
  region size 2048K, 23 young (47104K), 2 survivors (4096K)
 Metaspace       used 56699K, committed 57344K, reserved 1114112K
  class space    used 8090K, committed 8384K, reserved 1048576K
}
Event: 3.969 GC heap after
{Heap after GC invocations=11 (full 0):
 garbage-first heap   total 81920K, used 25619K [0x0000000704a00000, 0x0000000800000000)
  region size 2048K, 3 young (6144K), 3 survivors (6144K)
 Metaspace       used 56699K, committed 57344K, reserved 1114112K
  class space    used 8090K, committed 8384K, reserved 1048576K
}

