# JRE version: Java(TM) SE Runtime Environment (21.0.1+12) (build 21.0.1+12-LTS-29)
# Java VM: Java HotSpot(TM) 64-Bit Server VM (21.0.1+12-LTS-29, mixed mode, emulated-client, sharing, tiered, compressed oops, compressed class ptrs, g1 gc, windows-amd64)
GC Precious Log:
 CardTable entry size: 512
 Card Set container configuration: InlinePtr #cards 4 size 8 Array Of Cards #cards 16 size 48 Howl #buckets 8 coarsen threshold 3686 Howl Bitmap #cards 512 size 80 coarsen threshold 460 Card regions per heap region 1 cards per card region 4096
 CPUs: 8 total, 8 available
 Memory: 16082M
 Large Page Support: Disabled
 NUMA Support: Disabled
 Compressed Oops: Enabled (Zero based)
 Heap Region Size: 2M
 Heap Min Capacity: 8M
 Heap Initial Capacity: 252M
 Heap Max Capacity: 4022M
 Pre-touch: Disabled
 Parallel Workers: 8
 Concurrent Workers: 2
 Concurrent Refinement Workers: 8
 Periodic GC: Disabled
Heap:
 garbage-first heap   total 81920K, used 27096K [0x0000000704a00000, 0x0000000800000000)
  region size 2048K, 3 young (6144K), 2 survivors (4096K)
 Metaspace       used 58967K, committed 59712K, reserved 1114112K
  class space    used 8362K, committed 8704K, reserved 1048576K
GC Heap History (18 events):
Event: 0.534 GC heap before
{Heap before GC invocations=0 (full 0):
 garbage-first heap   total 258048K, used 20480K [0x0000000704a00000, 0x0000000800000000)
  region size 2048K, 11 young (22528K), 0 survivors (0K)
 Metaspace       used 6453K, committed 6720K, reserved 1114112K
  class space    used 772K, committed 896K, reserved 1048576K
}
Event: 0.538 GC heap after
{Heap after GC invocations=1 (full 0):
 garbage-first heap   total 258048K, used 7192K [0x0000000704a00000, 0x0000000800000000)
  region size 2048K, 2 young (4096K), 2 survivors (4096K)
 Metaspace       used 6453K, committed 6720K, reserved 1114112K
  class space    used 772K, committed 896K, reserved 1048576K
}
Event: 0.949 GC heap before
{Heap before GC invocations=1 (full 0):
 garbage-first heap   total 258048K, used 31768K [0x0000000704a00000, 0x0000000800000000)
  region size 2048K, 15 young (30720K), 2 survivors (4096K)
 Metaspace       used 11788K, committed 12160K, reserved 1114112K
  class space    used 1621K, committed 1792K, reserved 1048576K
}
Event: 0.952 GC heap after
{Heap after GC invocations=2 (full 0):
 garbage-first heap   total 258048K, used 9812K [0x0000000704a00000, 0x0000000800000000)
  region size 2048K, 2 young (4096K), 2 survivors (4096K)
 Metaspace       used 11788K, committed 12160K, reserved 1114112K
  class space    used 1621K, committed 1792K, reserved 1048576K
}
Event: 1.272 GC heap before
{Heap before GC invocations=2 (full 0):
 garbage-first heap   total 258048K, used 50772K [0x0000000704a00000, 0x0000000800000000)
  region size 2048K, 24 young (49152K), 2 survivors (4096K)
 Metaspace       used 20924K, committed 21376K, reserved 1114112K
  class space    used 2793K, committed 3008K, reserved 1048576K
}
Event: 1.276 GC heap after
{Heap after GC invocations=3 (full 0):
 garbage-first heap   total 258048K, used 13827K [0x0000000704a00000, 0x0000000800000000)
  region size 2048K, 3 young (6144K), 3 survivors (6144K)
 Metaspace       used 20924K, committed 21376K, reserved 1114112K
  class space    used 2793K, committed 3008K, reserved 1048576K
}
Event: 1.587 GC heap before
{Heap before GC invocations=4 (full 0):
 garbage-first heap   total 55296K, used 40451K [0x0000000704a00000, 0x0000000800000000)
  region size 2048K, 16 young (32768K), 3 survivors (6144K)
 Metaspace       used 22968K, committed 23424K, reserved 1114112K
  class space    used 3112K, committed 3328K, reserved 1048576K
}
Event: 1.592 GC heap after
{Heap after GC invocations=5 (full 0):
 garbage-first heap   total 55296K, used 15461K [0x0000000704a00000, 0x0000000800000000)
  region size 2048K, 2 young (4096K), 2 survivors (4096K)
 Metaspace       used 22968K, committed 23424K, reserved 1114112K
  class space    used 3112K, committed 3328K, reserved 1048576K
}
Event: 1.912 GC heap before
{Heap before GC invocations=5 (full 0):
 garbage-first heap   total 55296K, used 37989K [0x0000000704a00000, 0x0000000800000000)
  region size 2048K, 13 young (26624K), 2 survivors (4096K)
 Metaspace       used 25970K, committed 26560K, reserved 1114112K
  class space    used 3572K, committed 3840K, reserved 1048576K
}
Event: 1.916 GC heap after
{Heap after GC invocations=6 (full 0):
 garbage-first heap   total 55296K, used 17452K [0x0000000704a00000, 0x0000000800000000)
  region size 2048K, 2 young (4096K), 2 survivors (4096K)
 Metaspace       used 25970K, committed 26560K, reserved 1114112K
  class space    used 3572K, committed 3840K, reserved 1048576K
}
Event: 2.212 GC heap before
{Heap before GC invocations=6 (full 0):
 garbage-first heap   total 55296K, used 39980K [0x0000000704a00000, 0x0000000800000000)
  region size 2048K, 14 young (28672K), 2 survivors (4096K)
 Metaspace       used 29923K, committed 30464K, reserved 1114112K
  class space    used 4118K, committed 4352K, reserved 1048576K
}
Event: 2.216 GC heap after
{Heap after GC invocations=7 (full 0):
 garbage-first heap   total 55296K, used 19397K [0x0000000704a00000, 0x0000000800000000)
  region size 2048K, 2 young (4096K), 2 survivors (4096K)
 Metaspace       used 29923K, committed 30464K, reserved 1114112K
  class space    used 4118K, committed 4352K, reserved 1048576K
}
Event: 2.503 GC heap before
{Heap before GC invocations=7 (full 0):
 garbage-first heap   total 55296K, used 37829K [0x0000000704a00000, 0x0000000800000000)
  region size 2048K, 13 young (26624K), 2 survivors (4096K)
 Metaspace       used 35109K, committed 35648K, reserved 1114112K
  class space    used 4870K, committed 5120K, reserved 1048576K
}
Event: 2.508 GC heap after
{Heap after GC invocations=8 (full 0):
 garbage-first heap   total 157696K, used 21288K [0x0000000704a00000, 0x0000000800000000)
  region size 2048K, 1 young (2048K), 1 survivors (2048K)
 Metaspace       used 35109K, committed 35648K, reserved 1114112K
  class space    used 4870K, committed 5120K, reserved 1048576K
}
Event: 3.219 GC heap before
{Heap before GC invocations=9 (full 0):
 garbage-first heap   total 81920K, used 66344K [0x0000000704a00000, 0x0000000800000000)
  region size 2048K, 24 young (49152K), 1 survivors (2048K)
 Metaspace       used 46647K, committed 47296K, reserved 1114112K
  class space    used 6503K, committed 6784K, reserved 1048576K
}
Event: 3.223 GC heap after
{Heap after GC invocations=10 (full 0):
 garbage-first heap   total 81920K, used 23760K [0x0000000704a00000, 0x0000000800000000)
  region size 2048K, 3 young (6144K), 3 survivors (6144K)
 Metaspace       used 46647K, committed 47296K, reserved 1114112K
  class space    used 6503K, committed 6784K, reserved 1048576K
}
Event: 3.828 GC heap before
{Heap before GC invocations=10 (full 0):
 garbage-first heap   total 81920K, used 66768K [0x0000000704a00000, 0x0000000800000000)
  region size 2048K, 24 young (49152K), 3 survivors (6144K)
 Metaspace       used 56556K, committed 57152K, reserved 1114112K
  class space    used 8063K, committed 8320K, reserved 1048576K
}
Event: 3.833 GC heap after
{Heap after GC invocations=11 (full 0):
 garbage-first heap   total 81920K, used 26072K [0x0000000704a00000, 0x0000000800000000)
  region size 2048K, 3 young (6144K), 3 survivors (6144K)
 Metaspace       used 56556K, committed 57152K, reserved 1114112K
  class space    used 8063K, committed 8320K, reserved 1048576K
}

