# JRE version: Java(TM) SE Runtime Environment (21.0.1+12) (build 21.0.1+12-LTS-29)
# Java VM: Java HotSpot(TM) 64-Bit Server VM (21.0.1+12-LTS-29, mixed mode, emulated-client, sharing, tiered, compressed oops, compressed class ptrs, g1 gc, windows-amd64)
GC Precious Log:
 CardTable entry size: 512
 Card Set container configuration: InlinePtr #cards 4 size 8 Array Of Cards #cards 16 size 48 Howl #buckets 8 coarsen threshold 3686 Howl Bitmap #cards 512 size 80 coarsen threshold 460 Card regions per heap region 1 cards per card region 4096
 CPUs: 8 total, 8 available
 Memory: 16082M
 Large Page Support: Disabled
 NUMA Support: Disabled
 Compressed Oops: Enabled (Zero based)
 Heap Region Size: 2M
 Heap Min Capacity: 8M
 Heap Initial Capacity: 252M
 Heap Max Capacity: 4022M
 Pre-touch: Disabled
 Parallel Workers: 8
 Concurrent Workers: 2
 Concurrent Refinement Workers: 8
 Periodic GC: Disabled
Heap:
 garbage-first heap   total 81920K, used 37706K [0x0000000704a00000, 0x0000000800000000)
  region size 2048K, 10 young (20480K), 3 survivors (6144K)
 Metaspace       used 58987K, committed 59712K, reserved 1114112K
  class space    used 8370K, committed 8704K, reserved 1048576K
GC Heap History (18 events):
Event: 0.513 GC heap before
{Heap before GC invocations=0 (full 0):
 garbage-first heap   total 258048K, used 20480K [0x0000000704a00000, 0x0000000800000000)
  region size 2048K, 11 young (22528K), 0 survivors (0K)
 Metaspace       used 6422K, committed 6720K, reserved 1114112K
  class space    used 768K, committed 896K, reserved 1048576K
}
Event: 0.517 GC heap after
{Heap after GC invocations=1 (full 0):
 garbage-first heap   total 258048K, used 7636K [0x0000000704a00000, 0x0000000800000000)
  region size 2048K, 2 young (4096K), 2 survivors (4096K)
 Metaspace       used 6422K, committed 6720K, reserved 1114112K
  class space    used 768K, committed 896K, reserved 1048576K
}
Event: 0.945 GC heap before
{Heap before GC invocations=1 (full 0):
 garbage-first heap   total 258048K, used 32212K [0x0000000704a00000, 0x0000000800000000)
  region size 2048K, 15 young (30720K), 2 survivors (4096K)
 Metaspace       used 11694K, committed 12032K, reserved 1114112K
  class space    used 1609K, committed 1728K, reserved 1048576K
}
Event: 0.949 GC heap after
{Heap after GC invocations=2 (full 0):
 garbage-first heap   total 258048K, used 9357K [0x0000000704a00000, 0x0000000800000000)
  region size 2048K, 2 young (4096K), 2 survivors (4096K)
 Metaspace       used 11694K, committed 12032K, reserved 1114112K
  class space    used 1609K, committed 1728K, reserved 1048576K
}
Event: 1.280 GC heap before
{Heap before GC invocations=2 (full 0):
 garbage-first heap   total 258048K, used 50317K [0x0000000704a00000, 0x0000000800000000)
  region size 2048K, 24 young (49152K), 2 survivors (4096K)
 Metaspace       used 20925K, committed 21312K, reserved 1114112K
  class space    used 2793K, committed 2944K, reserved 1048576K
}
Event: 1.284 GC heap after
{Heap after GC invocations=3 (full 0):
 garbage-first heap   total 258048K, used 13338K [0x0000000704a00000, 0x0000000800000000)
  region size 2048K, 3 young (6144K), 3 survivors (6144K)
 Metaspace       used 20925K, committed 21312K, reserved 1114112K
  class space    used 2793K, committed 2944K, reserved 1048576K
}
Event: 1.624 GC heap before
{Heap before GC invocations=4 (full 0):
 garbage-first heap   total 55296K, used 39962K [0x0000000704a00000, 0x0000000800000000)
  region size 2048K, 16 young (32768K), 3 survivors (6144K)
 Metaspace       used 23080K, committed 23552K, reserved 1114112K
  class space    used 3130K, committed 3328K, reserved 1048576K
}
Event: 1.629 GC heap after
{Heap after GC invocations=5 (full 0):
 garbage-first heap   total 55296K, used 14831K [0x0000000704a00000, 0x0000000800000000)
  region size 2048K, 2 young (4096K), 2 survivors (4096K)
 Metaspace       used 23080K, committed 23552K, reserved 1114112K
  class space    used 3130K, committed 3328K, reserved 1048576K
}
Event: 1.931 GC heap before
{Heap before GC invocations=5 (full 0):
 garbage-first heap   total 55296K, used 37359K [0x0000000704a00000, 0x0000000800000000)
  region size 2048K, 13 young (26624K), 2 survivors (4096K)
 Metaspace       used 26216K, committed 26816K, reserved 1114112K
  class space    used 3624K, committed 3904K, reserved 1048576K
}
Event: 1.935 GC heap after
{Heap after GC invocations=6 (full 0):
 garbage-first heap   total 55296K, used 17097K [0x0000000704a00000, 0x0000000800000000)
  region size 2048K, 2 young (4096K), 2 survivors (4096K)
 Metaspace       used 26216K, committed 26816K, reserved 1114112K
  class space    used 3624K, committed 3904K, reserved 1048576K
}
Event: 2.234 GC heap before
{Heap before GC invocations=6 (full 0):
 garbage-first heap   total 55296K, used 41673K [0x0000000704a00000, 0x0000000800000000)
  region size 2048K, 14 young (28672K), 2 survivors (4096K)
 Metaspace       used 30132K, committed 30720K, reserved 1114112K
  class space    used 4156K, committed 4416K, reserved 1048576K
}
Event: 2.238 GC heap after
{Heap after GC invocations=7 (full 0):
 garbage-first heap   total 55296K, used 19060K [0x0000000704a00000, 0x0000000800000000)
  region size 2048K, 2 young (4096K), 2 survivors (4096K)
 Metaspace       used 30132K, committed 30720K, reserved 1114112K
  class space    used 4156K, committed 4416K, reserved 1048576K
}
Event: 2.498 GC heap before
{Heap before GC invocations=7 (full 0):
 garbage-first heap   total 55296K, used 35444K [0x0000000704a00000, 0x0000000800000000)
  region size 2048K, 12 young (24576K), 2 survivors (4096K)
 Metaspace       used 34980K, committed 35520K, reserved 1114112K
  class space    used 4869K, committed 5120K, reserved 1048576K
}
Event: 2.503 GC heap after
{Heap after GC invocations=8 (full 0):
 garbage-first heap   total 157696K, used 20877K [0x0000000704a00000, 0x0000000800000000)
  region size 2048K, 1 young (2048K), 1 survivors (2048K)
 Metaspace       used 34980K, committed 35520K, reserved 1114112K
  class space    used 4869K, committed 5120K, reserved 1048576K
}
Event: 3.327 GC heap before
{Heap before GC invocations=9 (full 0):
 garbage-first heap   total 81920K, used 67981K [0x0000000704a00000, 0x0000000800000000)
  region size 2048K, 24 young (49152K), 1 survivors (2048K)
 Metaspace       used 46624K, committed 47296K, reserved 1114112K
  class space    used 6505K, committed 6784K, reserved 1048576K
}
Event: 3.330 GC heap after
{Heap after GC invocations=10 (full 0):
 garbage-first heap   total 81920K, used 23259K [0x0000000704a00000, 0x0000000800000000)
  region size 2048K, 2 young (4096K), 2 survivors (4096K)
 Metaspace       used 46624K, committed 47296K, reserved 1114112K
  class space    used 6505K, committed 6784K, reserved 1048576K
}
Event: 3.982 GC heap before
{Heap before GC invocations=10 (full 0):
 garbage-first heap   total 81920K, used 66267K [0x0000000704a00000, 0x0000000800000000)
  region size 2048K, 23 young (47104K), 2 survivors (4096K)
 Metaspace       used 56649K, committed 57280K, reserved 1114112K
  class space    used 8087K, committed 8384K, reserved 1048576K
}
Event: 3.987 GC heap after
{Heap after GC invocations=11 (full 0):
 garbage-first heap   total 81920K, used 25418K [0x0000000704a00000, 0x0000000800000000)
  region size 2048K, 3 young (6144K), 3 survivors (6144K)
 Metaspace       used 56649K, committed 57280K, reserved 1114112K
  class space    used 8087K, committed 8384K, reserved 1048576K
}

