# JRE version: Java(TM) SE Runtime Environment (21.0.1+12) (build 21.0.1+12-LTS-29)
# Java VM: Java HotSpot(TM) 64-Bit Server VM (21.0.1+12-LTS-29, mixed mode, emulated-client, sharing, tiered, compressed oops, compressed class ptrs, g1 gc, windows-amd64)
GC Precious Log:
 CardTable entry size: 512
 Card Set container configuration: InlinePtr #cards 4 size 8 Array Of Cards #cards 16 size 48 Howl #buckets 8 coarsen threshold 3686 Howl Bitmap #cards 512 size 80 coarsen threshold 460 Card regions per heap region 1 cards per card region 4096
 CPUs: 8 total, 8 available
 Memory: 16082M
 Large Page Support: Disabled
 NUMA Support: Disabled
 Compressed Oops: Enabled (Zero based)
 Heap Region Size: 2M
 Heap Min Capacity: 8M
 Heap Initial Capacity: 252M
 Heap Max Capacity: 4022M
 Pre-touch: Disabled
 Parallel Workers: 8
 Concurrent Workers: 2
 Concurrent Refinement Workers: 8
 Periodic GC: Disabled
Heap:
 garbage-first heap   total 81920K, used 37966K [0x0000000704a00000, 0x0000000800000000)
  region size 2048K, 10 young (20480K), 3 survivors (6144K)
 Metaspace       used 59069K, committed 59776K, reserved 1114112K
  class space    used 8385K, committed 8704K, reserved 1048576K
GC Heap History (18 events):
Event: 0.529 GC heap before
{Heap before GC invocations=0 (full 0):
 garbage-first heap   total 258048K, used 20480K [0x0000000704a00000, 0x0000000800000000)
  region size 2048K, 11 young (22528K), 0 survivors (0K)
 Metaspace       used 6422K, committed 6720K, reserved 1114112K
  class space    used 768K, committed 896K, reserved 1048576K
}
Event: 0.533 GC heap after
{Heap after GC invocations=1 (full 0):
 garbage-first heap   total 258048K, used 7544K [0x0000000704a00000, 0x0000000800000000)
  region size 2048K, 2 young (4096K), 2 survivors (4096K)
 Metaspace       used 6422K, committed 6720K, reserved 1114112K
  class space    used 768K, committed 896K, reserved 1048576K
}
Event: 1.071 GC heap before
{Heap before GC invocations=1 (full 0):
 garbage-first heap   total 258048K, used 34168K [0x0000000704a00000, 0x0000000800000000)
  region size 2048K, 15 young (30720K), 2 survivors (4096K)
 Metaspace       used 11636K, committed 12032K, reserved 1114112K
  class space    used 1597K, committed 1792K, reserved 1048576K
}
Event: 1.075 GC heap after
{Heap after GC invocations=2 (full 0):
 garbage-first heap   total 258048K, used 9760K [0x0000000704a00000, 0x0000000800000000)
  region size 2048K, 2 young (4096K), 2 survivors (4096K)
 Metaspace       used 11636K, committed 12032K, reserved 1114112K
  class space    used 1597K, committed 1792K, reserved 1048576K
}
Event: 1.399 GC heap before
{Heap before GC invocations=2 (full 0):
 garbage-first heap   total 258048K, used 50720K [0x0000000704a00000, 0x0000000800000000)
  region size 2048K, 24 young (49152K), 2 survivors (4096K)
 Metaspace       used 20921K, committed 21312K, reserved 1114112K
  class space    used 2791K, committed 2944K, reserved 1048576K
}
Event: 1.404 GC heap after
{Heap after GC invocations=3 (full 0):
 garbage-first heap   total 258048K, used 13512K [0x0000000704a00000, 0x0000000800000000)
  region size 2048K, 3 young (6144K), 3 survivors (6144K)
 Metaspace       used 20921K, committed 21312K, reserved 1114112K
  class space    used 2791K, committed 2944K, reserved 1048576K
}
Event: 1.742 GC heap before
{Heap before GC invocations=4 (full 0):
 garbage-first heap   total 55296K, used 40136K [0x0000000704a00000, 0x0000000800000000)
  region size 2048K, 16 young (32768K), 3 survivors (6144K)
 Metaspace       used 23010K, committed 23488K, reserved 1114112K
  class space    used 3119K, committed 3328K, reserved 1048576K
}
Event: 1.747 GC heap after
{Heap after GC invocations=5 (full 0):
 garbage-first heap   total 55296K, used 15164K [0x0000000704a00000, 0x0000000800000000)
  region size 2048K, 2 young (4096K), 2 survivors (4096K)
 Metaspace       used 23010K, committed 23488K, reserved 1114112K
  class space    used 3119K, committed 3328K, reserved 1048576K
}
Event: 2.061 GC heap before
{Heap before GC invocations=5 (full 0):
 garbage-first heap   total 55296K, used 37692K [0x0000000704a00000, 0x0000000800000000)
  region size 2048K, 13 young (26624K), 2 survivors (4096K)
 Metaspace       used 26135K, committed 26688K, reserved 1114112K
  class space    used 3602K, committed 3840K, reserved 1048576K
}
Event: 2.065 GC heap after
{Heap after GC invocations=6 (full 0):
 garbage-first heap   total 55296K, used 17208K [0x0000000704a00000, 0x0000000800000000)
  region size 2048K, 2 young (4096K), 2 survivors (4096K)
 Metaspace       used 26135K, committed 26688K, reserved 1114112K
  class space    used 3602K, committed 3840K, reserved 1048576K
}
Event: 2.355 GC heap before
{Heap before GC invocations=6 (full 0):
 garbage-first heap   total 55296K, used 41784K [0x0000000704a00000, 0x0000000800000000)
  region size 2048K, 14 young (28672K), 2 survivors (4096K)
 Metaspace       used 30098K, committed 30656K, reserved 1114112K
  class space    used 4147K, committed 4416K, reserved 1048576K
}
Event: 2.359 GC heap after
{Heap after GC invocations=7 (full 0):
 garbage-first heap   total 55296K, used 19301K [0x0000000704a00000, 0x0000000800000000)
  region size 2048K, 2 young (4096K), 2 survivors (4096K)
 Metaspace       used 30098K, committed 30656K, reserved 1114112K
  class space    used 4147K, committed 4416K, reserved 1048576K
}
Event: 2.629 GC heap before
{Heap before GC invocations=7 (full 0):
 garbage-first heap   total 55296K, used 39781K [0x0000000704a00000, 0x0000000800000000)
  region size 2048K, 13 young (26624K), 2 survivors (4096K)
 Metaspace       used 34978K, committed 35520K, reserved 1114112K
  class space    used 4868K, committed 5120K, reserved 1048576K
}
Event: 2.634 GC heap after
{Heap after GC invocations=8 (full 0):
 garbage-first heap   total 157696K, used 21196K [0x0000000704a00000, 0x0000000800000000)
  region size 2048K, 1 young (2048K), 1 survivors (2048K)
 Metaspace       used 34978K, committed 35520K, reserved 1114112K
  class space    used 4868K, committed 5120K, reserved 1048576K
}
Event: 3.339 GC heap before
{Heap before GC invocations=9 (full 0):
 garbage-first heap   total 81920K, used 68300K [0x0000000704a00000, 0x0000000800000000)
  region size 2048K, 24 young (49152K), 1 survivors (2048K)
 Metaspace       used 46422K, committed 47040K, reserved 1114112K
  class space    used 6461K, committed 6720K, reserved 1048576K
}
Event: 3.343 GC heap after
{Heap after GC invocations=10 (full 0):
 garbage-first heap   total 81920K, used 23630K [0x0000000704a00000, 0x0000000800000000)
  region size 2048K, 3 young (6144K), 3 survivors (6144K)
 Metaspace       used 46422K, committed 47040K, reserved 1114112K
  class space    used 6461K, committed 6720K, reserved 1048576K
}
Event: 3.935 GC heap before
{Heap before GC invocations=10 (full 0):
 garbage-first heap   total 81920K, used 64590K [0x0000000704a00000, 0x0000000800000000)
  region size 2048K, 24 young (49152K), 3 survivors (6144K)
 Metaspace       used 56544K, committed 57152K, reserved 1114112K
  class space    used 8064K, committed 8320K, reserved 1048576K
}
Event: 3.940 GC heap after
{Heap after GC invocations=11 (full 0):
 garbage-first heap   total 81920K, used 25678K [0x0000000704a00000, 0x0000000800000000)
  region size 2048K, 3 young (6144K), 3 survivors (6144K)
 Metaspace       used 56544K, committed 57152K, reserved 1114112K
  class space    used 8064K, committed 8320K, reserved 1048576K
}

