# JRE version: Java(TM) SE Runtime Environment (21.0.1+12) (build 21.0.1+12-LTS-29)
# Java VM: Java HotSpot(TM) 64-Bit Server VM (21.0.1+12-LTS-29, mixed mode, emulated-client, sharing, tiered, compressed oops, compressed class ptrs, g1 gc, windows-amd64)
GC Precious Log:
 CardTable entry size: 512
 Card Set container configuration: InlinePtr #cards 4 size 8 Array Of Cards #cards 16 size 48 Howl #buckets 8 coarsen threshold 3686 Howl Bitmap #cards 512 size 80 coarsen threshold 460 Card regions per heap region 1 cards per card region 4096
 CPUs: 8 total, 8 available
 Memory: 16082M
 Large Page Support: Disabled
 NUMA Support: Disabled
 Compressed Oops: Enabled (Zero based)
 Heap Region Size: 2M
 Heap Min Capacity: 8M
 Heap Initial Capacity: 252M
 Heap Max Capacity: 4022M
 Pre-touch: Disabled
 Parallel Workers: 8
 Concurrent Workers: 2
 Concurrent Refinement Workers: 8
 Periodic GC: Disabled
Heap:
 garbage-first heap   total 81920K, used 26896K [0x0000000704a00000, 0x0000000800000000)
  region size 2048K, 3 young (6144K), 2 survivors (4096K)
 Metaspace       used 59015K, committed 59776K, reserved 1114112K
  class space    used 8375K, committed 8704K, reserved 1048576K
GC Heap History (18 events):
Event: 0.570 GC heap before
{Heap before GC invocations=0 (full 0):
 garbage-first heap   total 258048K, used 20480K [0x0000000704a00000, 0x0000000800000000)
  region size 2048K, 11 young (22528K), 0 survivors (0K)
 Metaspace       used 6516K, committed 6784K, reserved 1114112K
  class space    used 783K, committed 896K, reserved 1048576K
}
Event: 0.574 GC heap after
{Heap after GC invocations=1 (full 0):
 garbage-first heap   total 258048K, used 8050K [0x0000000704a00000, 0x0000000800000000)
  region size 2048K, 2 young (4096K), 2 survivors (4096K)
 Metaspace       used 6516K, committed 6784K, reserved 1114112K
  class space    used 783K, committed 896K, reserved 1048576K
}
Event: 1.002 GC heap before
{Heap before GC invocations=1 (full 0):
 garbage-first heap   total 258048K, used 32626K [0x0000000704a00000, 0x0000000800000000)
  region size 2048K, 15 young (30720K), 2 survivors (4096K)
 Metaspace       used 11827K, committed 12160K, reserved 1114112K
  class space    used 1629K, committed 1792K, reserved 1048576K
}
Event: 1.006 GC heap after
{Heap after GC invocations=2 (full 0):
 garbage-first heap   total 258048K, used 9564K [0x0000000704a00000, 0x0000000800000000)
  region size 2048K, 2 young (4096K), 2 survivors (4096K)
 Metaspace       used 11827K, committed 12160K, reserved 1114112K
  class space    used 1629K, committed 1792K, reserved 1048576K
}
Event: 1.331 GC heap before
{Heap before GC invocations=2 (full 0):
 garbage-first heap   total 258048K, used 50524K [0x0000000704a00000, 0x0000000800000000)
  region size 2048K, 24 young (49152K), 2 survivors (4096K)
 Metaspace       used 20919K, committed 21312K, reserved 1114112K
  class space    used 2791K, committed 2944K, reserved 1048576K
}
Event: 1.337 GC heap after
{Heap after GC invocations=3 (full 0):
 garbage-first heap   total 258048K, used 13461K [0x0000000704a00000, 0x0000000800000000)
  region size 2048K, 3 young (6144K), 3 survivors (6144K)
 Metaspace       used 20919K, committed 21312K, reserved 1114112K
  class space    used 2791K, committed 2944K, reserved 1048576K
}
Event: 1.671 GC heap before
{Heap before GC invocations=4 (full 0):
 garbage-first heap   total 55296K, used 40085K [0x0000000704a00000, 0x0000000800000000)
  region size 2048K, 16 young (32768K), 3 survivors (6144K)
 Metaspace       used 23041K, committed 23488K, reserved 1114112K
  class space    used 3123K, committed 3328K, reserved 1048576K
}
Event: 1.676 GC heap after
{Heap after GC invocations=5 (full 0):
 garbage-first heap   total 55296K, used 15121K [0x0000000704a00000, 0x0000000800000000)
  region size 2048K, 2 young (4096K), 2 survivors (4096K)
 Metaspace       used 23041K, committed 23488K, reserved 1114112K
  class space    used 3123K, committed 3328K, reserved 1048576K
}
Event: 1.980 GC heap before
{Heap before GC invocations=5 (full 0):
 garbage-first heap   total 55296K, used 37649K [0x0000000704a00000, 0x0000000800000000)
  region size 2048K, 13 young (26624K), 2 survivors (4096K)
 Metaspace       used 26173K, committed 26688K, reserved 1114112K
  class space    used 3615K, committed 3840K, reserved 1048576K
}
Event: 1.985 GC heap after
{Heap after GC invocations=6 (full 0):
 garbage-first heap   total 55296K, used 17439K [0x0000000704a00000, 0x0000000800000000)
  region size 2048K, 2 young (4096K), 2 survivors (4096K)
 Metaspace       used 26173K, committed 26688K, reserved 1114112K
  class space    used 3615K, committed 3840K, reserved 1048576K
}
Event: 2.280 GC heap before
{Heap before GC invocations=6 (full 0):
 garbage-first heap   total 55296K, used 42015K [0x0000000704a00000, 0x0000000800000000)
  region size 2048K, 14 young (28672K), 2 survivors (4096K)
 Metaspace       used 30091K, committed 30656K, reserved 1114112K
  class space    used 4146K, committed 4416K, reserved 1048576K
}
Event: 2.284 GC heap after
{Heap after GC invocations=7 (full 0):
 garbage-first heap   total 55296K, used 19530K [0x0000000704a00000, 0x0000000800000000)
  region size 2048K, 2 young (4096K), 2 survivors (4096K)
 Metaspace       used 30091K, committed 30656K, reserved 1114112K
  class space    used 4146K, committed 4416K, reserved 1048576K
}
Event: 2.549 GC heap before
{Heap before GC invocations=7 (full 0):
 garbage-first heap   total 55296K, used 35914K [0x0000000704a00000, 0x0000000800000000)
  region size 2048K, 12 young (24576K), 2 survivors (4096K)
 Metaspace       used 34979K, committed 35520K, reserved 1114112K
  class space    used 4866K, committed 5120K, reserved 1048576K
}
Event: 2.554 GC heap after
{Heap after GC invocations=8 (full 0):
 garbage-first heap   total 157696K, used 21395K [0x0000000704a00000, 0x0000000800000000)
  region size 2048K, 1 young (2048K), 1 survivors (2048K)
 Metaspace       used 34979K, committed 35520K, reserved 1114112K
  class space    used 4866K, committed 5120K, reserved 1048576K
}
Event: 3.251 GC heap before
{Heap before GC invocations=9 (full 0):
 garbage-first heap   total 81920K, used 66451K [0x0000000704a00000, 0x0000000800000000)
  region size 2048K, 24 young (49152K), 1 survivors (2048K)
 Metaspace       used 46501K, committed 47104K, reserved 1114112K
  class space    used 6480K, committed 6720K, reserved 1048576K
}
Event: 3.254 GC heap after
{Heap after GC invocations=10 (full 0):
 garbage-first heap   total 81920K, used 23644K [0x0000000704a00000, 0x0000000800000000)
  region size 2048K, 2 young (4096K), 2 survivors (4096K)
 Metaspace       used 46501K, committed 47104K, reserved 1114112K
  class space    used 6480K, committed 6720K, reserved 1048576K
}
Event: 3.847 GC heap before
{Heap before GC invocations=10 (full 0):
 garbage-first heap   total 81920K, used 66652K [0x0000000704a00000, 0x0000000800000000)
  region size 2048K, 23 young (47104K), 2 survivors (4096K)
 Metaspace       used 56531K, committed 57152K, reserved 1114112K
  class space    used 8063K, committed 8320K, reserved 1048576K
}
Event: 3.852 GC heap after
{Heap after GC invocations=11 (full 0):
 garbage-first heap   total 81920K, used 25854K [0x0000000704a00000, 0x0000000800000000)
  region size 2048K, 3 young (6144K), 3 survivors (6144K)
 Metaspace       used 56531K, committed 57152K, reserved 1114112K
  class space    used 8063K, committed 8320K, reserved 1048576K
}

