# JRE version: Java(TM) SE Runtime Environment (21.0.1+12) (build 21.0.1+12-LTS-29)
# Java VM: Java HotSpot(TM) 64-Bit Server VM (21.0.1+12-LTS-29, mixed mode, emulated-client, sharing, tiered, compressed oops, compressed class ptrs, g1 gc, windows-amd64)
GC Precious Log:
 CardTable entry size: 512
 Card Set container configuration: InlinePtr #cards 4 size 8 Array Of Cards #cards 16 size 48 Howl #buckets 8 coarsen threshold 3686 Howl Bitmap #cards 512 size 80 coarsen threshold 460 Card regions per heap region 1 cards per card region 4096
 CPUs: 8 total, 8 available
 Memory: 16082M
 Large Page Support: Disabled
 NUMA Support: Disabled
 Compressed Oops: Enabled (Zero based)
 Heap Region Size: 2M
 Heap Min Capacity: 8M
 Heap Initial Capacity: 252M
 Heap Max Capacity: 4022M
 Pre-touch: Disabled
 Parallel Workers: 8
 Concurrent Workers: 2
 Concurrent Refinement Workers: 8
 Periodic GC: Disabled
Heap:
 garbage-first heap   total 55296K, used 37881K [0x0000000704a00000, 0x0000000800000000)
  region size 2048K, 9 young (18432K), 2 survivors (4096K)
 Metaspace       used 58999K, committed 59712K, reserved 1114112K
  class space    used 8373K, committed 8704K, reserved 1048576K
GC Heap History (20 events):
Event: 1.438 GC heap before
{Heap before GC invocations=1 (full 0):
 garbage-first heap   total 258048K, used 32151K [0x0000000704a00000, 0x0000000800000000)
  region size 2048K, 15 young (30720K), 2 survivors (4096K)
 Metaspace       used 11962K, committed 12352K, reserved 1114112K
  class space    used 1613K, committed 1792K, reserved 1048576K
}
Event: 1.442 GC heap after
{Heap after GC invocations=2 (full 0):
 garbage-first heap   total 258048K, used 9827K [0x0000000704a00000, 0x0000000800000000)
  region size 2048K, 2 young (4096K), 2 survivors (4096K)
 Metaspace       used 11962K, committed 12352K, reserved 1114112K
  class space    used 1613K, committed 1792K, reserved 1048576K
}
Event: 1.954 GC heap before
{Heap before GC invocations=2 (full 0):
 garbage-first heap   total 258048K, used 48739K [0x0000000704a00000, 0x0000000800000000)
  region size 2048K, 23 young (47104K), 2 survivors (4096K)
 Metaspace       used 20882K, committed 21376K, reserved 1114112K
  class space    used 2786K, committed 3008K, reserved 1048576K
}
Event: 1.958 GC heap after
{Heap after GC invocations=3 (full 0):
 garbage-first heap   total 258048K, used 13455K [0x0000000704a00000, 0x0000000800000000)
  region size 2048K, 3 young (6144K), 3 survivors (6144K)
 Metaspace       used 20882K, committed 21376K, reserved 1114112K
  class space    used 2786K, committed 3008K, reserved 1048576K
}
Event: 2.431 GC heap before
{Heap before GC invocations=4 (full 0):
 garbage-first heap   total 55296K, used 40079K [0x0000000704a00000, 0x0000000800000000)
  region size 2048K, 16 young (32768K), 3 survivors (6144K)
 Metaspace       used 22877K, committed 23296K, reserved 1114112K
  class space    used 3100K, committed 3264K, reserved 1048576K
}
Event: 2.440 GC heap after
{Heap after GC invocations=5 (full 0):
 garbage-first heap   total 55296K, used 14866K [0x0000000704a00000, 0x0000000800000000)
  region size 2048K, 1 young (2048K), 1 survivors (2048K)
 Metaspace       used 22877K, committed 23296K, reserved 1114112K
  class space    used 3100K, committed 3264K, reserved 1048576K
}
Event: 3.170 GC heap before
{Heap before GC invocations=5 (full 0):
 garbage-first heap   total 55296K, used 39442K [0x0000000704a00000, 0x0000000800000000)
  region size 2048K, 13 young (26624K), 1 survivors (2048K)
 Metaspace       used 26216K, committed 26752K, reserved 1114112K
  class space    used 3621K, committed 3840K, reserved 1048576K
}
Event: 3.173 GC heap after
{Heap after GC invocations=6 (full 0):
 garbage-first heap   total 55296K, used 17211K [0x0000000704a00000, 0x0000000800000000)
  region size 2048K, 2 young (4096K), 2 survivors (4096K)
 Metaspace       used 26216K, committed 26752K, reserved 1114112K
  class space    used 3621K, committed 3840K, reserved 1048576K
}
Event: 3.825 GC heap before
{Heap before GC invocations=6 (full 0):
 garbage-first heap   total 55296K, used 41787K [0x0000000704a00000, 0x0000000800000000)
  region size 2048K, 14 young (28672K), 2 survivors (4096K)
 Metaspace       used 30122K, committed 30720K, reserved 1114112K
  class space    used 4150K, committed 4416K, reserved 1048576K
}
Event: 3.834 GC heap after
{Heap after GC invocations=7 (full 0):
 garbage-first heap   total 55296K, used 19763K [0x0000000704a00000, 0x0000000800000000)
  region size 2048K, 2 young (4096K), 2 survivors (4096K)
 Metaspace       used 30122K, committed 30720K, reserved 1114112K
  class space    used 4150K, committed 4416K, reserved 1048576K
}
Event: 4.553 GC heap before
{Heap before GC invocations=7 (full 0):
 garbage-first heap   total 55296K, used 38195K [0x0000000704a00000, 0x0000000800000000)
  region size 2048K, 13 young (26624K), 2 survivors (4096K)
 Metaspace       used 35117K, committed 35648K, reserved 1114112K
  class space    used 4874K, committed 5120K, reserved 1048576K
}
Event: 4.560 GC heap after
{Heap after GC invocations=8 (full 0):
 garbage-first heap   total 55296K, used 21052K [0x0000000704a00000, 0x0000000800000000)
  region size 2048K, 1 young (2048K), 1 survivors (2048K)
 Metaspace       used 35117K, committed 35648K, reserved 1114112K
  class space    used 4874K, committed 5120K, reserved 1048576K
}
Event: 5.299 GC heap before
{Heap before GC invocations=9 (full 0):
 garbage-first heap   total 55296K, used 43580K [0x0000000704a00000, 0x0000000800000000)
  region size 2048K, 12 young (24576K), 1 survivors (2048K)
 Metaspace       used 41154K, committed 41792K, reserved 1114112K
  class space    used 5751K, committed 6016K, reserved 1048576K
}
Event: 5.302 GC heap after
{Heap after GC invocations=10 (full 0):
 garbage-first heap   total 55296K, used 22260K [0x0000000704a00000, 0x0000000800000000)
  region size 2048K, 2 young (4096K), 2 survivors (4096K)
 Metaspace       used 41154K, committed 41792K, reserved 1114112K
  class space    used 5751K, committed 6016K, reserved 1048576K
}
Event: 5.789 GC heap before
{Heap before GC invocations=10 (full 0):
 garbage-first heap   total 55296K, used 44788K [0x0000000704a00000, 0x0000000800000000)
  region size 2048K, 13 young (26624K), 2 survivors (4096K)
 Metaspace       used 46134K, committed 46848K, reserved 1114112K
  class space    used 6403K, committed 6720K, reserved 1048576K
}
Event: 5.792 GC heap after
{Heap after GC invocations=11 (full 0):
 garbage-first heap   total 55296K, used 22902K [0x0000000704a00000, 0x0000000800000000)
  region size 2048K, 2 young (4096K), 2 survivors (4096K)
 Metaspace       used 46134K, committed 46848K, reserved 1114112K
  class space    used 6403K, committed 6720K, reserved 1048576K
}
Event: 6.261 GC heap before
{Heap before GC invocations=11 (full 0):
 garbage-first heap   total 55296K, used 45430K [0x0000000704a00000, 0x0000000800000000)
  region size 2048K, 13 young (26624K), 2 survivors (4096K)
 Metaspace       used 52082K, committed 52800K, reserved 1114112K
  class space    used 7407K, committed 7744K, reserved 1048576K
}
Event: 6.264 GC heap after
{Heap after GC invocations=12 (full 0):
 garbage-first heap   total 55296K, used 23898K [0x0000000704a00000, 0x0000000800000000)
  region size 2048K, 2 young (4096K), 2 survivors (4096K)
 Metaspace       used 52082K, committed 52800K, reserved 1114112K
  class space    used 7407K, committed 7744K, reserved 1048576K
}
Event: 6.654 GC heap before
{Heap before GC invocations=12 (full 0):
 garbage-first heap   total 55296K, used 44378K [0x0000000704a00000, 0x0000000800000000)
  region size 2048K, 12 young (24576K), 2 survivors (4096K)
 Metaspace       used 56273K, committed 56960K, reserved 1114112K
  class space    used 8014K, committed 8320K, reserved 1048576K
}
Event: 6.657 GC heap after
{Heap after GC invocations=13 (full 0):
 garbage-first heap   total 55296K, used 25593K [0x0000000704a00000, 0x0000000800000000)
  region size 2048K, 2 young (4096K), 2 survivors (4096K)
 Metaspace       used 56273K, committed 56960K, reserved 1114112K
  class space    used 8014K, committed 8320K, reserved 1048576K
}

